2021-03-14 14:50:00,316 Surf                         log.py                             <module>  36     INFO: -----------------------------------------------------------------------------
2021-03-14 14:50:00,316 Surf                         log.py                             <module>  37     INFO: logger ready.
2021-03-14 14:50:00,317 Surf                         log.py                             <module>  38     INFO: logging to: /Users/alutz/IdeaProjects/trim-tabs/surf/logs/20210314_145000.log
2021-03-14 14:50:00,317 Surf                         log.py                             <module>  39     INFO: -----------------------------------------------------------------------------
2021-03-14 14:50:00,317 Surf                         log.py                             <module>  40     INFO: 
2021-03-14 14:50:00,317 Surf                        main.py                             <module>  62    DEBUG: env.SURF_ROOT = surf
2021-03-14 14:50:00,317 Surf                        main.py                             <module>  63    DEBUG: env.PROFILES_DIR = surf/config/profiles
2021-03-14 14:50:00,318 Surf                        main.py                             <module>  64    DEBUG: env.CONFIG_DIR = surf/config
2021-03-14 14:50:00,318 Surf                        main.py                             <module>  65    DEBUG: env.CONFIG_DIR = surf/config
2021-03-14 14:50:00,318 Surf                        main.py                             <module>  66     INFO: 
2021-03-14 14:50:00,318 Surf                        main.py                             <module>  67     INFO: Running MDSurf.
2021-03-14 14:50:00,318 Surf                        main.py                             <module>  68     INFO: 
2021-03-14 14:50:00,318 Surf                        main.py                      load_kv_modules  38     INFO: Loading kivy modules...
2021-03-14 14:50:00,319 Surf                        main.py                      load_kv_modules  41    DEBUG: 	- loading: surf/interface/kv/profiles_screen_dialogues.kv
2021-03-14 14:50:00,320 Surf                        main.py                      load_kv_modules  41    DEBUG: 	- loading: surf/interface/kv/profiles_screen.kv
2021-03-14 14:50:00,321 Surf                        main.py                      load_kv_modules  41    DEBUG: 	- loading: surf/interface/kv/profiles_screen_list_item.kv
2021-03-14 14:50:00,323 Surf                        main.py                      load_kv_modules  41    DEBUG: 	- loading: surf/interface/kv/tab_navigation.kv
2021-03-14 14:50:00,325 Surf                        main.py                      load_kv_modules  41    DEBUG: 	- loading: surf/interface/kv/root_screen.kv
2021-03-14 14:50:00,383 Surf                        main.py                      load_kv_modules  41    DEBUG: 	- loading: surf/interface/kv/active_screen.kv
2021-03-14 14:50:00,386 Surf                        main.py                      load_kv_modules  41    DEBUG: 	- loading: surf/interface/kv/settings_screen.kv
2021-03-14 14:50:00,471 Surf             profiles_screen.py                             __init__  30    DEBUG: [UI] Initializing: ProfilesScreen
2021-03-14 14:50:00,480 Surf               active_screen.py                             __init__  23    DEBUG: [UI] Initializing: ActiveScreen
2021-03-14 14:50:00,481 Surf               active_screen.py                             __init__  78    DEBUG: [UI] Initializing: ActiveScreen.TabControls
2021-03-14 14:50:00,501 Surf             settings_screen.py                             __init__  14    DEBUG: [UI] Initializing: SettingsScreen
2021-03-14 14:50:00,515 Surf             profiles_screen.py             refresh_visible_profiles  35     INFO: [UI] Refreshing Visible Profiles
2021-03-14 14:50:00,515 Surf                   utilities.py                         read_configs  53     INFO: [UTILITIES] reading all configs
