2021-03-14 14:51:59,664 Surf                         log.py                             <module>  36     INFO: -----------------------------------------------------------------------------
2021-03-14 14:51:59,664 Surf                         log.py                             <module>  37     INFO: logger ready.
2021-03-14 14:51:59,664 Surf                         log.py                             <module>  38     INFO: logging to: /Users/alutz/IdeaProjects/trim-tabs/surf/logs/20210314_145159.log
2021-03-14 14:51:59,665 Surf                         log.py                             <module>  39     INFO: -----------------------------------------------------------------------------
2021-03-14 14:51:59,665 Surf                         log.py                             <module>  40     INFO: 
2021-03-14 14:51:59,665 Surf                        main.py                             <module>  62    DEBUG: env.SURF_ROOT = surf
2021-03-14 14:51:59,665 Surf                        main.py                             <module>  63    DEBUG: env.PROFILES_DIR = surf/config/profiles
2021-03-14 14:51:59,665 Surf                        main.py                             <module>  64    DEBUG: env.CONFIG_DIR = surf/config
2021-03-14 14:51:59,666 Surf                        main.py                             <module>  65    DEBUG: env.CONFIG_DIR = surf/config
2021-03-14 14:51:59,666 Surf                        main.py                             <module>  66     INFO: 
2021-03-14 14:51:59,666 Surf                        main.py                             <module>  67     INFO: Running MDSurf.
2021-03-14 14:51:59,666 Surf                        main.py                             <module>  68     INFO: 
2021-03-14 14:51:59,666 Surf                        main.py                      load_kv_modules  38     INFO: Loading kivy modules...
2021-03-14 14:51:59,666 Surf                        main.py                      load_kv_modules  41    DEBUG: 	- loading: surf/interface/kv/profiles_screen_dialogues.kv
2021-03-14 14:51:59,672 Surf                        main.py                      load_kv_modules  41    DEBUG: 	- loading: surf/interface/kv/profiles_screen.kv
2021-03-14 14:51:59,673 Surf                        main.py                      load_kv_modules  41    DEBUG: 	- loading: surf/interface/kv/profiles_screen_list_item.kv
2021-03-14 14:51:59,674 Surf                        main.py                      load_kv_modules  41    DEBUG: 	- loading: surf/interface/kv/tab_navigation.kv
2021-03-14 14:51:59,676 Surf                        main.py                      load_kv_modules  41    DEBUG: 	- loading: surf/interface/kv/root_screen.kv
2021-03-14 14:51:59,736 Surf                        main.py                      load_kv_modules  41    DEBUG: 	- loading: surf/interface/kv/active_screen.kv
2021-03-14 14:51:59,740 Surf                        main.py                      load_kv_modules  41    DEBUG: 	- loading: surf/interface/kv/settings_screen.kv
2021-03-14 14:51:59,815 Surf             profiles_screen.py                             __init__  30    DEBUG: [UI] Initializing: ProfilesScreen
2021-03-14 14:51:59,824 Surf               active_screen.py                             __init__  23    DEBUG: [UI] Initializing: ActiveScreen
2021-03-14 14:51:59,826 Surf               active_screen.py                             __init__  78    DEBUG: [UI] Initializing: ActiveScreen.TabControls
2021-03-14 14:51:59,843 Surf             settings_screen.py                             __init__  14    DEBUG: [UI] Initializing: SettingsScreen
2021-03-14 14:51:59,854 Surf             profiles_screen.py             refresh_visible_profiles  35     INFO: [UI] Refreshing Visible Profiles
2021-03-14 14:51:59,855 Surf                   utilities.py                         read_configs  53     INFO: [UTILITIES] reading all configs
2021-03-14 14:51:59,857 Surf                   utilities.py                         read_configs  53     INFO: [UTILITIES] reading all configs
2021-03-14 14:51:59,860 Surf             profiles_screen.py             refresh_visible_profiles  42    DEBUG: [UI] Adding Visible Profile: steep
2021-03-14 14:51:59,860 Surf                   utilities.py                          read_config  43     INFO: [UTILITIES] reading config: surf/config/profiles/steep.yml
2021-03-14 14:51:59,861 Surf   profiles_screen_list_item.py                             __init__  34     INFO: [UI] Initializing ProfilesScreen.ListItem: steep
2021-03-14 14:51:59,871 Surf               active_screen.py                      create_controls  83    DEBUG: [UI] ActiveScreen.TabControls: creating tab controls...
2021-03-14 14:51:59,871 Surf                   utilities.py                             __init__  13    DEBUG: [UTILITIES] Reading: surf/config/control_surfaces.yml
